STEP translation to Solid Edge
Date: Friday,November 12,2021 12:35PM
Source File: C:\Users\Daniel Guerrero\Desktop\files\SOLID EDGE\P3450_P3449_A02_P3448_A02.stp
Author: amustafa
Organization: Unknown
Source System: CREO PARAMETRIC BY PTC INC, 2018070

Hardware:
Processor: AMD Ryzen 5 3600X 6-Core Processor             
Operating System: Windows 10 Professional
Installed Memory: 31.91 GB

Software Information
Parasolid Version: 31.1.255
PSBodyShop Version: 31.1.110
Step Adapter Version: 5.0.48
Solid Edge Version: 220.00.00.104 x64

Step Import Options
Import Faceted Bodies: On
Import Check Bodies: Off
Import Curves: On
Import DoNotSave: On
Import Multiple Bodies As Single Part File: On
Import Stitch Surfaces: On
Import Boolean Solids: On
Make Base Feature: On
Simplify Geometry: On
Import Imprint Curves: On
Import Drive: C:
Import Stitch Surfaces: On
Import Surfaces: On
Import Output Path: C:\Users\Daniel Guerrero\Desktop\files\SOLID EDGE
Import Enable Default Output Path: On
Import PMI: Off
Import Path: 

Translating to Parasolid data types...
Translation process completed
Total time required to translate and post process:00 : 01 : 23
